# JRE version: Java(TM) SE Runtime Environment (17.0.1+12) (build 17.0.1+12-LTS-39)
# Java VM: Java HotSpot(TM) 64-Bit Server VM (17.0.1+12-LTS-39, mixed mode, sharing, tiered, compressed oops, compressed class ptrs, g1 gc, bsd-amd64)
GC Precious Log:
 CPUs: 8 total, 8 available
 Memory: 16384M
 Large Page Support: Disabled
 NUMA Support: Disabled
 Compressed Oops: Enabled (Zero based)
 Heap Region Size: 2M
 Heap Min Capacity: 8M
 Heap Initial Capacity: 256M
 Heap Max Capacity: 4G
 Pre-touch: Disabled
 Parallel Workers: 8
 Concurrent Workers: 2
 Concurrent Refinement Workers: 8
 Periodic GC: Disabled
Heap:
 garbage-first heap   total 266240K, used 53503K [0x0000000700000000, 0x0000000800000000)
  region size 2048K, 26 young (53248K), 1 survivors (2048K)
 Metaspace       used 4911K, committed 5120K, reserved 1056768K
  class space    used 427K, committed 512K, reserved 1048576K
GC Heap History (20 events):
Event: 524.789 GC heap before
{Heap before GC invocations=17 (full 0):
 garbage-first heap   total 266240K, used 157831K [0x0000000700000000, 0x0000000800000000)
  region size 2048K, 76 young (155648K), 1 survivors (2048K)
 Metaspace       used 4906K, committed 5056K, reserved 1056768K
  class space    used 427K, committed 512K, reserved 1048576K
}
Event: 524.799 GC heap after
{Heap after GC invocations=18 (full 0):
 garbage-first heap   total 266240K, used 4224K [0x0000000700000000, 0x0000000800000000)
  region size 2048K, 1 young (2048K), 1 survivors (2048K)
 Metaspace       used 4906K, committed 5056K, reserved 1056768K
  class space    used 427K, committed 512K, reserved 1048576K
}
Event: 557.083 GC heap before
{Heap before GC invocations=18 (full 0):
 garbage-first heap   total 266240K, used 157824K [0x0000000700000000, 0x0000000800000000)
  region size 2048K, 76 young (155648K), 1 survivors (2048K)
 Metaspace       used 4906K, committed 5056K, reserved 1056768K
  class space    used 427K, committed 512K, reserved 1048576K
}
Event: 557.085 GC heap after
{Heap after GC invocations=19 (full 0):
 garbage-first heap   total 266240K, used 4218K [0x0000000700000000, 0x0000000800000000)
  region size 2048K, 1 young (2048K), 1 survivors (2048K)
 Metaspace       used 4906K, committed 5056K, reserved 1056768K
  class space    used 427K, committed 512K, reserved 1048576K
}
Event: 589.284 GC heap before
{Heap before GC invocations=19 (full 0):
 garbage-first heap   total 266240K, used 157818K [0x0000000700000000, 0x0000000800000000)
  region size 2048K, 76 young (155648K), 1 survivors (2048K)
 Metaspace       used 4906K, committed 5056K, reserved 1056768K
  class space    used 427K, committed 512K, reserved 1048576K
}
Event: 589.285 GC heap after
{Heap after GC invocations=20 (full 0):
 garbage-first heap   total 266240K, used 4229K [0x0000000700000000, 0x0000000800000000)
  region size 2048K, 1 young (2048K), 1 survivors (2048K)
 Metaspace       used 4906K, committed 5056K, reserved 1056768K
  class space    used 427K, committed 512K, reserved 1048576K
}
Event: 621.548 GC heap before
{Heap before GC invocations=20 (full 0):
 garbage-first heap   total 266240K, used 157829K [0x0000000700000000, 0x0000000800000000)
  region size 2048K, 76 young (155648K), 1 survivors (2048K)
 Metaspace       used 4908K, committed 5120K, reserved 1056768K
  class space    used 427K, committed 512K, reserved 1048576K
}
Event: 621.549 GC heap after
{Heap after GC invocations=21 (full 0):
 garbage-first heap   total 266240K, used 4230K [0x0000000700000000, 0x0000000800000000)
  region size 2048K, 1 young (2048K), 1 survivors (2048K)
 Metaspace       used 4908K, committed 5120K, reserved 1056768K
  class space    used 427K, committed 512K, reserved 1048576K
}
Event: 653.773 GC heap before
{Heap before GC invocations=21 (full 0):
 garbage-first heap   total 266240K, used 157830K [0x0000000700000000, 0x0000000800000000)
  region size 2048K, 76 young (155648K), 1 survivors (2048K)
 Metaspace       used 4908K, committed 5120K, reserved 1056768K
  class space    used 427K, committed 512K, reserved 1048576K
}
Event: 653.775 GC heap after
{Heap after GC invocations=22 (full 0):
 garbage-first heap   total 266240K, used 4345K [0x0000000700000000, 0x0000000800000000)
  region size 2048K, 1 young (2048K), 1 survivors (2048K)
 Metaspace       used 4908K, committed 5120K, reserved 1056768K
  class space    used 427K, committed 512K, reserved 1048576K
}
Event: 686.063 GC heap before
{Heap before GC invocations=22 (full 0):
 garbage-first heap   total 266240K, used 157945K [0x0000000700000000, 0x0000000800000000)
  region size 2048K, 76 young (155648K), 1 survivors (2048K)
 Metaspace       used 4908K, committed 5120K, reserved 1056768K
  class space    used 427K, committed 512K, reserved 1048576K
}
Event: 686.065 GC heap after
{Heap after GC invocations=23 (full 0):
 garbage-first heap   total 266240K, used 4350K [0x0000000700000000, 0x0000000800000000)
  region size 2048K, 1 young (2048K), 1 survivors (2048K)
 Metaspace       used 4908K, committed 5120K, reserved 1056768K
  class space    used 427K, committed 512K, reserved 1048576K
}
Event: 718.367 GC heap before
{Heap before GC invocations=23 (full 0):
 garbage-first heap   total 266240K, used 157950K [0x0000000700000000, 0x0000000800000000)
  region size 2048K, 76 young (155648K), 1 survivors (2048K)
 Metaspace       used 4908K, committed 5120K, reserved 1056768K
  class space    used 427K, committed 512K, reserved 1048576K
}
Event: 718.372 GC heap after
{Heap after GC invocations=24 (full 0):
 garbage-first heap   total 266240K, used 4341K [0x0000000700000000, 0x0000000800000000)
  region size 2048K, 1 young (2048K), 1 survivors (2048K)
 Metaspace       used 4908K, committed 5120K, reserved 1056768K
  class space    used 427K, committed 512K, reserved 1048576K
}
Event: 750.526 GC heap before
{Heap before GC invocations=24 (full 0):
 garbage-first heap   total 266240K, used 157941K [0x0000000700000000, 0x0000000800000000)
  region size 2048K, 76 young (155648K), 1 survivors (2048K)
 Metaspace       used 4908K, committed 5120K, reserved 1056768K
  class space    used 427K, committed 512K, reserved 1048576K
}
Event: 750.527 GC heap after
{Heap after GC invocations=25 (full 0):
 garbage-first heap   total 266240K, used 4358K [0x0000000700000000, 0x0000000800000000)
  region size 2048K, 1 young (2048K), 1 survivors (2048K)
 Metaspace       used 4908K, committed 5120K, reserved 1056768K
  class space    used 427K, committed 512K, reserved 1048576K
}
Event: 782.896 GC heap before
{Heap before GC invocations=25 (full 0):
 garbage-first heap   total 266240K, used 157958K [0x0000000700000000, 0x0000000800000000)
  region size 2048K, 76 young (155648K), 1 survivors (2048K)
 Metaspace       used 4908K, committed 5120K, reserved 1056768K
  class space    used 427K, committed 512K, reserved 1048576K
}
Event: 782.900 GC heap after
{Heap after GC invocations=26 (full 0):
 garbage-first heap   total 266240K, used 4343K [0x0000000700000000, 0x0000000800000000)
  region size 2048K, 1 young (2048K), 1 survivors (2048K)
 Metaspace       used 4908K, committed 5120K, reserved 1056768K
  class space    used 427K, committed 512K, reserved 1048576K
}
Event: 815.160 GC heap before
{Heap before GC invocations=26 (full 0):
 garbage-first heap   total 266240K, used 157943K [0x0000000700000000, 0x0000000800000000)
  region size 2048K, 76 young (155648K), 1 survivors (2048K)
 Metaspace       used 4908K, committed 5120K, reserved 1056768K
  class space    used 427K, committed 512K, reserved 1048576K
}
Event: 815.170 GC heap after
{Heap after GC invocations=27 (full 0):
 garbage-first heap   total 266240K, used 4351K [0x0000000700000000, 0x0000000800000000)
  region size 2048K, 1 young (2048K), 1 survivors (2048K)
 Metaspace       used 4908K, committed 5120K, reserved 1056768K
  class space    used 427K, committed 512K, reserved 1048576K
}

