# JRE version: Java(TM) SE Runtime Environment (17.0.1+12) (build 17.0.1+12-LTS-39)
# Java VM: Java HotSpot(TM) 64-Bit Server VM (17.0.1+12-LTS-39, mixed mode, sharing, tiered, compressed oops, compressed class ptrs, g1 gc, bsd-amd64)
GC Precious Log:
 CPUs: 8 total, 8 available
 Memory: 16384M
 Large Page Support: Disabled
 NUMA Support: Disabled
 Compressed Oops: Enabled (Zero based)
 Heap Region Size: 2M
 Heap Min Capacity: 8M
 Heap Initial Capacity: 256M
 Heap Max Capacity: 4G
 Pre-touch: Disabled
 Parallel Workers: 8
 Concurrent Workers: 2
 Concurrent Refinement Workers: 8
 Periodic GC: Disabled
Heap:
 garbage-first heap   total 266240K, used 75741K [0x0000000700000000, 0x0000000800000000)
  region size 2048K, 37 young (75776K), 1 survivors (2048K)
 Metaspace       used 5159K, committed 5376K, reserved 1056768K
  class space    used 433K, committed 576K, reserved 1048576K
GC Heap History (20 events):
Event: 1784.020 GC heap before
{Heap before GC invocations=50 (full 0):
 garbage-first heap   total 266240K, used 157663K [0x0000000700000000, 0x0000000800000000)
  region size 2048K, 76 young (155648K), 1 survivors (2048K)
 Metaspace       used 5145K, committed 5376K, reserved 1056768K
  class space    used 432K, committed 576K, reserved 1048576K
}
Event: 1784.021 GC heap after
{Heap after GC invocations=51 (full 0):
 garbage-first heap   total 266240K, used 4063K [0x0000000700000000, 0x0000000800000000)
  region size 2048K, 1 young (2048K), 1 survivors (2048K)
 Metaspace       used 5145K, committed 5376K, reserved 1056768K
  class space    used 432K, committed 576K, reserved 1048576K
}
Event: 1820.206 GC heap before
{Heap before GC invocations=51 (full 0):
 garbage-first heap   total 266240K, used 157663K [0x0000000700000000, 0x0000000800000000)
  region size 2048K, 76 young (155648K), 1 survivors (2048K)
 Metaspace       used 5145K, committed 5376K, reserved 1056768K
  class space    used 432K, committed 576K, reserved 1048576K
}
Event: 1820.207 GC heap after
{Heap after GC invocations=52 (full 0):
 garbage-first heap   total 266240K, used 4049K [0x0000000700000000, 0x0000000800000000)
  region size 2048K, 1 young (2048K), 1 survivors (2048K)
 Metaspace       used 5145K, committed 5376K, reserved 1056768K
  class space    used 432K, committed 576K, reserved 1048576K
}
Event: 1856.445 GC heap before
{Heap before GC invocations=52 (full 0):
 garbage-first heap   total 266240K, used 157649K [0x0000000700000000, 0x0000000800000000)
  region size 2048K, 76 young (155648K), 1 survivors (2048K)
 Metaspace       used 5145K, committed 5376K, reserved 1056768K
  class space    used 432K, committed 576K, reserved 1048576K
}
Event: 1856.446 GC heap after
{Heap after GC invocations=53 (full 0):
 garbage-first heap   total 266240K, used 4063K [0x0000000700000000, 0x0000000800000000)
  region size 2048K, 1 young (2048K), 1 survivors (2048K)
 Metaspace       used 5145K, committed 5376K, reserved 1056768K
  class space    used 432K, committed 576K, reserved 1048576K
}
Event: 1892.703 GC heap before
{Heap before GC invocations=53 (full 0):
 garbage-first heap   total 266240K, used 157663K [0x0000000700000000, 0x0000000800000000)
  region size 2048K, 76 young (155648K), 1 survivors (2048K)
 Metaspace       used 5157K, committed 5376K, reserved 1056768K
  class space    used 432K, committed 576K, reserved 1048576K
}
Event: 1892.704 GC heap after
{Heap after GC invocations=54 (full 0):
 garbage-first heap   total 266240K, used 4063K [0x0000000700000000, 0x0000000800000000)
  region size 2048K, 1 young (2048K), 1 survivors (2048K)
 Metaspace       used 5157K, committed 5376K, reserved 1056768K
  class space    used 432K, committed 576K, reserved 1048576K
}
Event: 1928.877 GC heap before
{Heap before GC invocations=54 (full 0):
 garbage-first heap   total 266240K, used 157663K [0x0000000700000000, 0x0000000800000000)
  region size 2048K, 76 young (155648K), 1 survivors (2048K)
 Metaspace       used 5157K, committed 5376K, reserved 1056768K
  class space    used 432K, committed 576K, reserved 1048576K
}
Event: 1928.880 GC heap after
{Heap after GC invocations=55 (full 0):
 garbage-first heap   total 266240K, used 4049K [0x0000000700000000, 0x0000000800000000)
  region size 2048K, 1 young (2048K), 1 survivors (2048K)
 Metaspace       used 5157K, committed 5376K, reserved 1056768K
  class space    used 432K, committed 576K, reserved 1048576K
}
Event: 1965.021 GC heap before
{Heap before GC invocations=55 (full 0):
 garbage-first heap   total 266240K, used 157649K [0x0000000700000000, 0x0000000800000000)
  region size 2048K, 76 young (155648K), 1 survivors (2048K)
 Metaspace       used 5157K, committed 5376K, reserved 1056768K
  class space    used 432K, committed 576K, reserved 1048576K
}
Event: 1965.032 GC heap after
{Heap after GC invocations=56 (full 0):
 garbage-first heap   total 266240K, used 4053K [0x0000000700000000, 0x0000000800000000)
  region size 2048K, 1 young (2048K), 1 survivors (2048K)
 Metaspace       used 5157K, committed 5376K, reserved 1056768K
  class space    used 432K, committed 576K, reserved 1048576K
}
Event: 2001.182 GC heap before
{Heap before GC invocations=56 (full 0):
 garbage-first heap   total 266240K, used 157653K [0x0000000700000000, 0x0000000800000000)
  region size 2048K, 76 young (155648K), 1 survivors (2048K)
 Metaspace       used 5157K, committed 5376K, reserved 1056768K
  class space    used 432K, committed 576K, reserved 1048576K
}
Event: 2001.183 GC heap after
{Heap after GC invocations=57 (full 0):
 garbage-first heap   total 266240K, used 4055K [0x0000000700000000, 0x0000000800000000)
  region size 2048K, 1 young (2048K), 1 survivors (2048K)
 Metaspace       used 5157K, committed 5376K, reserved 1056768K
  class space    used 432K, committed 576K, reserved 1048576K
}
Event: 2037.302 GC heap before
{Heap before GC invocations=57 (full 0):
 garbage-first heap   total 266240K, used 157655K [0x0000000700000000, 0x0000000800000000)
  region size 2048K, 76 young (155648K), 1 survivors (2048K)
 Metaspace       used 5157K, committed 5376K, reserved 1056768K
  class space    used 432K, committed 576K, reserved 1048576K
}
Event: 2037.304 GC heap after
{Heap after GC invocations=58 (full 0):
 garbage-first heap   total 266240K, used 4063K [0x0000000700000000, 0x0000000800000000)
  region size 2048K, 1 young (2048K), 1 survivors (2048K)
 Metaspace       used 5157K, committed 5376K, reserved 1056768K
  class space    used 432K, committed 576K, reserved 1048576K
}
Event: 2073.463 GC heap before
{Heap before GC invocations=58 (full 0):
 garbage-first heap   total 266240K, used 157663K [0x0000000700000000, 0x0000000800000000)
  region size 2048K, 76 young (155648K), 1 survivors (2048K)
 Metaspace       used 5157K, committed 5376K, reserved 1056768K
  class space    used 432K, committed 576K, reserved 1048576K
}
Event: 2073.465 GC heap after
{Heap after GC invocations=59 (full 0):
 garbage-first heap   total 266240K, used 4051K [0x0000000700000000, 0x0000000800000000)
  region size 2048K, 1 young (2048K), 1 survivors (2048K)
 Metaspace       used 5157K, committed 5376K, reserved 1056768K
  class space    used 432K, committed 576K, reserved 1048576K
}
Event: 2109.462 GC heap before
{Heap before GC invocations=59 (full 0):
 garbage-first heap   total 266240K, used 157651K [0x0000000700000000, 0x0000000800000000)
  region size 2048K, 76 young (155648K), 1 survivors (2048K)
 Metaspace       used 5157K, committed 5376K, reserved 1056768K
  class space    used 432K, committed 576K, reserved 1048576K
}
Event: 2109.463 GC heap after
{Heap after GC invocations=60 (full 0):
 garbage-first heap   total 266240K, used 4061K [0x0000000700000000, 0x0000000800000000)
  region size 2048K, 1 young (2048K), 1 survivors (2048K)
 Metaspace       used 5157K, committed 5376K, reserved 1056768K
  class space    used 432K, committed 576K, reserved 1048576K
}

