# JRE version: Java(TM) SE Runtime Environment (17.0.1+12) (build 17.0.1+12-LTS-39)
# Java VM: Java HotSpot(TM) 64-Bit Server VM (17.0.1+12-LTS-39, mixed mode, sharing, tiered, compressed oops, compressed class ptrs, g1 gc, bsd-amd64)
GC Precious Log:
 CPUs: 8 total, 8 available
 Memory: 16384M
 Large Page Support: Disabled
 NUMA Support: Disabled
 Compressed Oops: Enabled (Zero based)
 Heap Region Size: 2M
 Heap Min Capacity: 8M
 Heap Initial Capacity: 256M
 Heap Max Capacity: 4G
 Pre-touch: Disabled
 Parallel Workers: 8
 Concurrent Workers: 2
 Concurrent Refinement Workers: 8
 Periodic GC: Disabled
Heap:
 garbage-first heap   total 266240K, used 147502K [0x0000000700000000, 0x0000000800000000)
  region size 2048K, 73 young (149504K), 2 survivors (4096K)
 Metaspace       used 5354K, committed 5568K, reserved 1056768K
  class space    used 469K, committed 576K, reserved 1048576K
GC Heap History (10 events):
Event: 2.603 GC heap before
{Heap before GC invocations=0 (full 0):
 garbage-first heap   total 266240K, used 22484K [0x0000000700000000, 0x0000000800000000)
  region size 2048K, 11 young (22528K), 0 survivors (0K)
 Metaspace       used 4849K, committed 5056K, reserved 1056768K
  class space    used 438K, committed 512K, reserved 1048576K
}
Event: 2.628 GC heap after
{Heap after GC invocations=1 (full 0):
 garbage-first heap   total 266240K, used 4044K [0x0000000700000000, 0x0000000800000000)
  region size 2048K, 1 young (2048K), 1 survivors (2048K)
 Metaspace       used 4849K, committed 5056K, reserved 1056768K
  class space    used 438K, committed 512K, reserved 1048576K
}
Event: 17.438 GC heap before
{Heap before GC invocations=1 (full 0):
 garbage-first heap   total 266240K, used 59340K [0x0000000700000000, 0x0000000800000000)
  region size 2048K, 28 young (57344K), 1 survivors (2048K)
 Metaspace       used 5113K, committed 5312K, reserved 1056768K
  class space    used 443K, committed 576K, reserved 1048576K
}
Event: 17.454 GC heap after
{Heap after GC invocations=2 (full 0):
 garbage-first heap   total 266240K, used 4018K [0x0000000700000000, 0x0000000800000000)
  region size 2048K, 1 young (2048K), 1 survivors (2048K)
 Metaspace       used 5113K, committed 5312K, reserved 1056768K
  class space    used 443K, committed 576K, reserved 1048576K
}
Event: 57.260 GC heap before
{Heap before GC invocations=2 (full 0):
 garbage-first heap   total 266240K, used 157618K [0x0000000700000000, 0x0000000800000000)
  region size 2048K, 76 young (155648K), 1 survivors (2048K)
 Metaspace       used 5346K, committed 5568K, reserved 1056768K
  class space    used 468K, committed 576K, reserved 1048576K
}
Event: 57.279 GC heap after
{Heap after GC invocations=3 (full 0):
 garbage-first heap   total 266240K, used 4044K [0x0000000700000000, 0x0000000800000000)
  region size 2048K, 1 young (2048K), 1 survivors (2048K)
 Metaspace       used 5346K, committed 5568K, reserved 1056768K
  class space    used 468K, committed 576K, reserved 1048576K
}
Event: 96.875 GC heap before
{Heap before GC invocations=3 (full 0):
 garbage-first heap   total 266240K, used 157644K [0x0000000700000000, 0x0000000800000000)
  region size 2048K, 76 young (155648K), 1 survivors (2048K)
 Metaspace       used 5346K, committed 5568K, reserved 1056768K
  class space    used 468K, committed 576K, reserved 1048576K
}
Event: 96.884 GC heap after
{Heap after GC invocations=4 (full 0):
 garbage-first heap   total 266240K, used 4142K [0x0000000700000000, 0x0000000800000000)
  region size 2048K, 2 young (4096K), 2 survivors (4096K)
 Metaspace       used 5346K, committed 5568K, reserved 1056768K
  class space    used 468K, committed 576K, reserved 1048576K
}
Event: 135.920 GC heap before
{Heap before GC invocations=4 (full 0):
 garbage-first heap   total 266240K, used 155694K [0x0000000700000000, 0x0000000800000000)
  region size 2048K, 76 young (155648K), 2 survivors (4096K)
 Metaspace       used 5350K, committed 5568K, reserved 1056768K
  class space    used 469K, committed 576K, reserved 1048576K
}
Event: 135.943 GC heap after
{Heap after GC invocations=5 (full 0):
 garbage-first heap   total 266240K, used 4142K [0x0000000700000000, 0x0000000800000000)
  region size 2048K, 2 young (4096K), 2 survivors (4096K)
 Metaspace       used 5350K, committed 5568K, reserved 1056768K
  class space    used 469K, committed 576K, reserved 1048576K
}

