# JRE version: Java(TM) SE Runtime Environment (17.0.1+12) (build 17.0.1+12-LTS-39)
# Java VM: Java HotSpot(TM) 64-Bit Server VM (17.0.1+12-LTS-39, mixed mode, sharing, tiered, compressed oops, compressed class ptrs, g1 gc, bsd-amd64)
GC Precious Log:
 CPUs: 8 total, 8 available
 Memory: 16384M
 Large Page Support: Disabled
 NUMA Support: Disabled
 Compressed Oops: Enabled (Zero based)
 Heap Region Size: 2M
 Heap Min Capacity: 8M
 Heap Initial Capacity: 256M
 Heap Max Capacity: 4G
 Pre-touch: Disabled
 Parallel Workers: 8
 Concurrent Workers: 2
 Concurrent Refinement Workers: 8
 Periodic GC: Disabled
Heap:
 garbage-first heap   total 266240K, used 92413K [0x0000000700000000, 0x0000000800000000)
  region size 2048K, 45 young (92160K), 1 survivors (2048K)
 Metaspace       used 4937K, committed 5120K, reserved 1056768K
  class space    used 429K, committed 512K, reserved 1048576K
GC Heap History (20 events):
Event: 419.122 GC heap before
{Heap before GC invocations=15 (full 0):
 garbage-first heap   total 266240K, used 155721K [0x0000000700000000, 0x0000000800000000)
  region size 2048K, 76 young (155648K), 2 survivors (4096K)
 Metaspace       used 4929K, committed 5120K, reserved 1056768K
  class space    used 429K, committed 512K, reserved 1048576K
}
Event: 419.128 GC heap after
{Heap after GC invocations=16 (full 0):
 garbage-first heap   total 266240K, used 4203K [0x0000000700000000, 0x0000000800000000)
  region size 2048K, 1 young (2048K), 1 survivors (2048K)
 Metaspace       used 4929K, committed 5120K, reserved 1056768K
  class space    used 429K, committed 512K, reserved 1048576K
}
Event: 448.293 GC heap before
{Heap before GC invocations=16 (full 0):
 garbage-first heap   total 266240K, used 157803K [0x0000000700000000, 0x0000000800000000)
  region size 2048K, 76 young (155648K), 1 survivors (2048K)
 Metaspace       used 4929K, committed 5120K, reserved 1056768K
  class space    used 429K, committed 512K, reserved 1048576K
}
Event: 448.295 GC heap after
{Heap after GC invocations=17 (full 0):
 garbage-first heap   total 266240K, used 4246K [0x0000000700000000, 0x0000000800000000)
  region size 2048K, 1 young (2048K), 1 survivors (2048K)
 Metaspace       used 4929K, committed 5120K, reserved 1056768K
  class space    used 429K, committed 512K, reserved 1048576K
}
Event: 477.509 GC heap before
{Heap before GC invocations=17 (full 0):
 garbage-first heap   total 266240K, used 157846K [0x0000000700000000, 0x0000000800000000)
  region size 2048K, 76 young (155648K), 1 survivors (2048K)
 Metaspace       used 4929K, committed 5120K, reserved 1056768K
  class space    used 429K, committed 512K, reserved 1048576K
}
Event: 477.510 GC heap after
{Heap after GC invocations=18 (full 0):
 garbage-first heap   total 266240K, used 4233K [0x0000000700000000, 0x0000000800000000)
  region size 2048K, 1 young (2048K), 1 survivors (2048K)
 Metaspace       used 4929K, committed 5120K, reserved 1056768K
  class space    used 429K, committed 512K, reserved 1048576K
}
Event: 506.729 GC heap before
{Heap before GC invocations=18 (full 0):
 garbage-first heap   total 266240K, used 157833K [0x0000000700000000, 0x0000000800000000)
  region size 2048K, 76 young (155648K), 1 survivors (2048K)
 Metaspace       used 4929K, committed 5120K, reserved 1056768K
  class space    used 429K, committed 512K, reserved 1048576K
}
Event: 506.730 GC heap after
{Heap after GC invocations=19 (full 0):
 garbage-first heap   total 266240K, used 4233K [0x0000000700000000, 0x0000000800000000)
  region size 2048K, 1 young (2048K), 1 survivors (2048K)
 Metaspace       used 4929K, committed 5120K, reserved 1056768K
  class space    used 429K, committed 512K, reserved 1048576K
}
Event: 535.950 GC heap before
{Heap before GC invocations=19 (full 0):
 garbage-first heap   total 266240K, used 157833K [0x0000000700000000, 0x0000000800000000)
  region size 2048K, 76 young (155648K), 1 survivors (2048K)
 Metaspace       used 4929K, committed 5120K, reserved 1056768K
  class space    used 429K, committed 512K, reserved 1048576K
}
Event: 535.951 GC heap after
{Heap after GC invocations=20 (full 0):
 garbage-first heap   total 266240K, used 4235K [0x0000000700000000, 0x0000000800000000)
  region size 2048K, 1 young (2048K), 1 survivors (2048K)
 Metaspace       used 4929K, committed 5120K, reserved 1056768K
  class space    used 429K, committed 512K, reserved 1048576K
}
Event: 565.438 GC heap before
{Heap before GC invocations=20 (full 0):
 garbage-first heap   total 266240K, used 157835K [0x0000000700000000, 0x0000000800000000)
  region size 2048K, 76 young (155648K), 1 survivors (2048K)
 Metaspace       used 4929K, committed 5120K, reserved 1056768K
  class space    used 429K, committed 512K, reserved 1048576K
}
Event: 565.441 GC heap after
{Heap after GC invocations=21 (full 0):
 garbage-first heap   total 266240K, used 4235K [0x0000000700000000, 0x0000000800000000)
  region size 2048K, 1 young (2048K), 1 survivors (2048K)
 Metaspace       used 4929K, committed 5120K, reserved 1056768K
  class space    used 429K, committed 512K, reserved 1048576K
}
Event: 595.101 GC heap before
{Heap before GC invocations=21 (full 0):
 garbage-first heap   total 266240K, used 157835K [0x0000000700000000, 0x0000000800000000)
  region size 2048K, 76 young (155648K), 1 survivors (2048K)
 Metaspace       used 4933K, committed 5120K, reserved 1056768K
  class space    used 429K, committed 512K, reserved 1048576K
}
Event: 595.103 GC heap after
{Heap after GC invocations=22 (full 0):
 garbage-first heap   total 266240K, used 4236K [0x0000000700000000, 0x0000000800000000)
  region size 2048K, 1 young (2048K), 1 survivors (2048K)
 Metaspace       used 4933K, committed 5120K, reserved 1056768K
  class space    used 429K, committed 512K, reserved 1048576K
}
Event: 624.333 GC heap before
{Heap before GC invocations=22 (full 0):
 garbage-first heap   total 266240K, used 157836K [0x0000000700000000, 0x0000000800000000)
  region size 2048K, 76 young (155648K), 1 survivors (2048K)
 Metaspace       used 4934K, committed 5120K, reserved 1056768K
  class space    used 429K, committed 512K, reserved 1048576K
}
Event: 624.337 GC heap after
{Heap after GC invocations=23 (full 0):
 garbage-first heap   total 266240K, used 4236K [0x0000000700000000, 0x0000000800000000)
  region size 2048K, 1 young (2048K), 1 survivors (2048K)
 Metaspace       used 4934K, committed 5120K, reserved 1056768K
  class space    used 429K, committed 512K, reserved 1048576K
}
Event: 653.284 GC heap before
{Heap before GC invocations=23 (full 0):
 garbage-first heap   total 266240K, used 157836K [0x0000000700000000, 0x0000000800000000)
  region size 2048K, 76 young (155648K), 1 survivors (2048K)
 Metaspace       used 4934K, committed 5120K, reserved 1056768K
  class space    used 429K, committed 512K, reserved 1048576K
}
Event: 653.286 GC heap after
{Heap after GC invocations=24 (full 0):
 garbage-first heap   total 266240K, used 4367K [0x0000000700000000, 0x0000000800000000)
  region size 2048K, 1 young (2048K), 1 survivors (2048K)
 Metaspace       used 4934K, committed 5120K, reserved 1056768K
  class space    used 429K, committed 512K, reserved 1048576K
}
Event: 682.406 GC heap before
{Heap before GC invocations=24 (full 0):
 garbage-first heap   total 266240K, used 157967K [0x0000000700000000, 0x0000000800000000)
  region size 2048K, 76 young (155648K), 1 survivors (2048K)
 Metaspace       used 4934K, committed 5120K, reserved 1056768K
  class space    used 429K, committed 512K, reserved 1048576K
}
Event: 682.411 GC heap after
{Heap after GC invocations=25 (full 0):
 garbage-first heap   total 266240K, used 4349K [0x0000000700000000, 0x0000000800000000)
  region size 2048K, 1 young (2048K), 1 survivors (2048K)
 Metaspace       used 4934K, committed 5120K, reserved 1056768K
  class space    used 429K, committed 512K, reserved 1048576K
}

