# JRE version: Java(TM) SE Runtime Environment (17.0.1+12) (build 17.0.1+12-LTS-39)
# Java VM: Java HotSpot(TM) 64-Bit Server VM (17.0.1+12-LTS-39, mixed mode, sharing, tiered, compressed oops, compressed class ptrs, g1 gc, bsd-amd64)
GC Precious Log:
 CPUs: 8 total, 8 available
 Memory: 16384M
 Large Page Support: Disabled
 NUMA Support: Disabled
 Compressed Oops: Enabled (Zero based)
 Heap Region Size: 2M
 Heap Min Capacity: 8M
 Heap Initial Capacity: 256M
 Heap Max Capacity: 4G
 Pre-touch: Disabled
 Parallel Workers: 8
 Concurrent Workers: 2
 Concurrent Refinement Workers: 8
 Periodic GC: Disabled
Heap:
 garbage-first heap   total 266240K, used 160695K [0x0000000700000000, 0x0000000800000000)
  region size 2048K, 70 young (143360K), 1 survivors (2048K)
 Metaspace       used 5185K, committed 5440K, reserved 1056768K
  class space    used 455K, committed 576K, reserved 1048576K
GC Heap History (20 events):
Event: 7771.123 GC heap before
{Heap before GC invocations=283 (full 0):
 garbage-first heap   total 266240K, used 175033K [0x0000000700000000, 0x0000000800000000)
  region size 2048K, 76 young (155648K), 1 survivors (2048K)
 Metaspace       used 5182K, committed 5440K, reserved 1056768K
  class space    used 454K, committed 576K, reserved 1048576K
}
Event: 7771.126 GC heap after
{Heap after GC invocations=284 (full 0):
 garbage-first heap   total 266240K, used 21417K [0x0000000700000000, 0x0000000800000000)
  region size 2048K, 1 young (2048K), 1 survivors (2048K)
 Metaspace       used 5182K, committed 5440K, reserved 1056768K
  class space    used 454K, committed 576K, reserved 1048576K
}
Event: 7798.564 GC heap before
{Heap before GC invocations=284 (full 0):
 garbage-first heap   total 266240K, used 175017K [0x0000000700000000, 0x0000000800000000)
  region size 2048K, 76 young (155648K), 1 survivors (2048K)
 Metaspace       used 5182K, committed 5440K, reserved 1056768K
  class space    used 454K, committed 576K, reserved 1048576K
}
Event: 7798.565 GC heap after
{Heap after GC invocations=285 (full 0):
 garbage-first heap   total 266240K, used 21433K [0x0000000700000000, 0x0000000800000000)
  region size 2048K, 1 young (2048K), 1 survivors (2048K)
 Metaspace       used 5182K, committed 5440K, reserved 1056768K
  class space    used 454K, committed 576K, reserved 1048576K
}
Event: 7826.126 GC heap before
{Heap before GC invocations=285 (full 0):
 garbage-first heap   total 266240K, used 175033K [0x0000000700000000, 0x0000000800000000)
  region size 2048K, 76 young (155648K), 1 survivors (2048K)
 Metaspace       used 5182K, committed 5440K, reserved 1056768K
  class space    used 454K, committed 576K, reserved 1048576K
}
Event: 7826.128 GC heap after
{Heap after GC invocations=286 (full 0):
 garbage-first heap   total 266240K, used 21431K [0x0000000700000000, 0x0000000800000000)
  region size 2048K, 1 young (2048K), 1 survivors (2048K)
 Metaspace       used 5182K, committed 5440K, reserved 1056768K
  class space    used 454K, committed 576K, reserved 1048576K
}
Event: 7853.718 GC heap before
{Heap before GC invocations=286 (full 0):
 garbage-first heap   total 266240K, used 175031K [0x0000000700000000, 0x0000000800000000)
  region size 2048K, 76 young (155648K), 1 survivors (2048K)
 Metaspace       used 5182K, committed 5440K, reserved 1056768K
  class space    used 454K, committed 576K, reserved 1048576K
}
Event: 7853.721 GC heap after
{Heap after GC invocations=287 (full 0):
 garbage-first heap   total 266240K, used 21411K [0x0000000700000000, 0x0000000800000000)
  region size 2048K, 1 young (2048K), 1 survivors (2048K)
 Metaspace       used 5182K, committed 5440K, reserved 1056768K
  class space    used 454K, committed 576K, reserved 1048576K
}
Event: 7881.275 GC heap before
{Heap before GC invocations=287 (full 0):
 garbage-first heap   total 266240K, used 175011K [0x0000000700000000, 0x0000000800000000)
  region size 2048K, 76 young (155648K), 1 survivors (2048K)
 Metaspace       used 5182K, committed 5440K, reserved 1056768K
  class space    used 454K, committed 576K, reserved 1048576K
}
Event: 7881.284 GC heap after
{Heap after GC invocations=288 (full 0):
 garbage-first heap   total 266240K, used 21419K [0x0000000700000000, 0x0000000800000000)
  region size 2048K, 1 young (2048K), 1 survivors (2048K)
 Metaspace       used 5182K, committed 5440K, reserved 1056768K
  class space    used 454K, committed 576K, reserved 1048576K
}
Event: 7908.838 GC heap before
{Heap before GC invocations=288 (full 0):
 garbage-first heap   total 266240K, used 175019K [0x0000000700000000, 0x0000000800000000)
  region size 2048K, 76 young (155648K), 1 survivors (2048K)
 Metaspace       used 5182K, committed 5440K, reserved 1056768K
  class space    used 454K, committed 576K, reserved 1048576K
}
Event: 7908.840 GC heap after
{Heap after GC invocations=289 (full 0):
 garbage-first heap   total 266240K, used 21423K [0x0000000700000000, 0x0000000800000000)
  region size 2048K, 1 young (2048K), 1 survivors (2048K)
 Metaspace       used 5182K, committed 5440K, reserved 1056768K
  class space    used 454K, committed 576K, reserved 1048576K
}
Event: 7936.358 GC heap before
{Heap before GC invocations=289 (full 0):
 garbage-first heap   total 266240K, used 175023K [0x0000000700000000, 0x0000000800000000)
  region size 2048K, 76 young (155648K), 1 survivors (2048K)
 Metaspace       used 5182K, committed 5440K, reserved 1056768K
  class space    used 454K, committed 576K, reserved 1048576K
}
Event: 7936.359 GC heap after
{Heap after GC invocations=290 (full 0):
 garbage-first heap   total 266240K, used 21433K [0x0000000700000000, 0x0000000800000000)
  region size 2048K, 1 young (2048K), 1 survivors (2048K)
 Metaspace       used 5182K, committed 5440K, reserved 1056768K
  class space    used 454K, committed 576K, reserved 1048576K
}
Event: 7963.934 GC heap before
{Heap before GC invocations=290 (full 0):
 garbage-first heap   total 266240K, used 175033K [0x0000000700000000, 0x0000000800000000)
  region size 2048K, 76 young (155648K), 1 survivors (2048K)
 Metaspace       used 5182K, committed 5440K, reserved 1056768K
  class space    used 454K, committed 576K, reserved 1048576K
}
Event: 7963.935 GC heap after
{Heap after GC invocations=291 (full 0):
 garbage-first heap   total 266240K, used 21419K [0x0000000700000000, 0x0000000800000000)
  region size 2048K, 1 young (2048K), 1 survivors (2048K)
 Metaspace       used 5182K, committed 5440K, reserved 1056768K
  class space    used 454K, committed 576K, reserved 1048576K
}
Event: 7991.495 GC heap before
{Heap before GC invocations=291 (full 0):
 garbage-first heap   total 266240K, used 175019K [0x0000000700000000, 0x0000000800000000)
  region size 2048K, 76 young (155648K), 1 survivors (2048K)
 Metaspace       used 5182K, committed 5440K, reserved 1056768K
  class space    used 454K, committed 576K, reserved 1048576K
}
Event: 7991.497 GC heap after
{Heap after GC invocations=292 (full 0):
 garbage-first heap   total 266240K, used 21423K [0x0000000700000000, 0x0000000800000000)
  region size 2048K, 1 young (2048K), 1 survivors (2048K)
 Metaspace       used 5182K, committed 5440K, reserved 1056768K
  class space    used 454K, committed 576K, reserved 1048576K
}
Event: 8018.978 GC heap before
{Heap before GC invocations=292 (full 0):
 garbage-first heap   total 266240K, used 175023K [0x0000000700000000, 0x0000000800000000)
  region size 2048K, 76 young (155648K), 1 survivors (2048K)
 Metaspace       used 5182K, committed 5440K, reserved 1056768K
  class space    used 454K, committed 576K, reserved 1048576K
}
Event: 8018.982 GC heap after
{Heap after GC invocations=293 (full 0):
 garbage-first heap   total 266240K, used 21431K [0x0000000700000000, 0x0000000800000000)
  region size 2048K, 1 young (2048K), 1 survivors (2048K)
 Metaspace       used 5182K, committed 5440K, reserved 1056768K
  class space    used 454K, committed 576K, reserved 1048576K
}

