# JRE version: Java(TM) SE Runtime Environment (17.0.1+12) (build 17.0.1+12-LTS-39)
# Java VM: Java HotSpot(TM) 64-Bit Server VM (17.0.1+12-LTS-39, mixed mode, sharing, tiered, compressed oops, compressed class ptrs, g1 gc, bsd-amd64)
GC Precious Log:
 CPUs: 8 total, 8 available
 Memory: 16384M
 Large Page Support: Disabled
 NUMA Support: Disabled
 Compressed Oops: Enabled (Zero based)
 Heap Region Size: 2M
 Heap Min Capacity: 8M
 Heap Initial Capacity: 256M
 Heap Max Capacity: 4G
 Pre-touch: Disabled
 Parallel Workers: 8
 Concurrent Workers: 2
 Concurrent Refinement Workers: 8
 Periodic GC: Disabled
Heap:
 garbage-first heap   total 266240K, used 148052K [0x0000000700000000, 0x0000000800000000)
  region size 2048K, 71 young (145408K), 1 survivors (2048K)
 Metaspace       used 5165K, committed 5376K, reserved 1056768K
  class space    used 455K, committed 576K, reserved 1048576K
GC Heap History (20 events):
Event: 2088.466 GC heap before
{Heap before GC invocations=78 (full 0):
 garbage-first heap   total 266240K, used 159082K [0x0000000700000000, 0x0000000800000000)
  region size 2048K, 76 young (155648K), 1 survivors (2048K)
 Metaspace       used 5153K, committed 5312K, reserved 1056768K
  class space    used 455K, committed 576K, reserved 1048576K
}
Event: 2088.468 GC heap after
{Heap after GC invocations=79 (full 0):
 garbage-first heap   total 266240K, used 5474K [0x0000000700000000, 0x0000000800000000)
  region size 2048K, 1 young (2048K), 1 survivors (2048K)
 Metaspace       used 5153K, committed 5312K, reserved 1056768K
  class space    used 455K, committed 576K, reserved 1048576K
}
Event: 2115.491 GC heap before
{Heap before GC invocations=79 (full 0):
 garbage-first heap   total 266240K, used 159074K [0x0000000700000000, 0x0000000800000000)
  region size 2048K, 76 young (155648K), 1 survivors (2048K)
 Metaspace       used 5153K, committed 5312K, reserved 1056768K
  class space    used 455K, committed 576K, reserved 1048576K
}
Event: 2115.492 GC heap after
{Heap after GC invocations=80 (full 0):
 garbage-first heap   total 266240K, used 5480K [0x0000000700000000, 0x0000000800000000)
  region size 2048K, 1 young (2048K), 1 survivors (2048K)
 Metaspace       used 5153K, committed 5312K, reserved 1056768K
  class space    used 455K, committed 576K, reserved 1048576K
}
Event: 2142.291 GC heap before
{Heap before GC invocations=80 (full 0):
 garbage-first heap   total 266240K, used 159080K [0x0000000700000000, 0x0000000800000000)
  region size 2048K, 76 young (155648K), 1 survivors (2048K)
 Metaspace       used 5153K, committed 5312K, reserved 1056768K
  class space    used 455K, committed 576K, reserved 1048576K
}
Event: 2142.293 GC heap after
{Heap after GC invocations=81 (full 0):
 garbage-first heap   total 266240K, used 6734K [0x0000000700000000, 0x0000000800000000)
  region size 2048K, 1 young (2048K), 1 survivors (2048K)
 Metaspace       used 5153K, committed 5312K, reserved 1056768K
  class space    used 455K, committed 576K, reserved 1048576K
}
Event: 2169.333 GC heap before
{Heap before GC invocations=81 (full 0):
 garbage-first heap   total 266240K, used 160334K [0x0000000700000000, 0x0000000800000000)
  region size 2048K, 76 young (155648K), 1 survivors (2048K)
 Metaspace       used 5153K, committed 5312K, reserved 1056768K
  class space    used 455K, committed 576K, reserved 1048576K
}
Event: 2169.334 GC heap after
{Heap after GC invocations=82 (full 0):
 garbage-first heap   total 266240K, used 6722K [0x0000000700000000, 0x0000000800000000)
  region size 2048K, 1 young (2048K), 1 survivors (2048K)
 Metaspace       used 5153K, committed 5312K, reserved 1056768K
  class space    used 455K, committed 576K, reserved 1048576K
}
Event: 2196.349 GC heap before
{Heap before GC invocations=82 (full 0):
 garbage-first heap   total 266240K, used 160322K [0x0000000700000000, 0x0000000800000000)
  region size 2048K, 76 young (155648K), 1 survivors (2048K)
 Metaspace       used 5153K, committed 5312K, reserved 1056768K
  class space    used 455K, committed 576K, reserved 1048576K
}
Event: 2196.350 GC heap after
{Heap after GC invocations=83 (full 0):
 garbage-first heap   total 266240K, used 6732K [0x0000000700000000, 0x0000000800000000)
  region size 2048K, 1 young (2048K), 1 survivors (2048K)
 Metaspace       used 5153K, committed 5312K, reserved 1056768K
  class space    used 455K, committed 576K, reserved 1048576K
}
Event: 2223.385 GC heap before
{Heap before GC invocations=83 (full 0):
 garbage-first heap   total 266240K, used 160332K [0x0000000700000000, 0x0000000800000000)
  region size 2048K, 76 young (155648K), 1 survivors (2048K)
 Metaspace       used 5153K, committed 5312K, reserved 1056768K
  class space    used 455K, committed 576K, reserved 1048576K
}
Event: 2223.388 GC heap after
{Heap after GC invocations=84 (full 0):
 garbage-first heap   total 266240K, used 6732K [0x0000000700000000, 0x0000000800000000)
  region size 2048K, 1 young (2048K), 1 survivors (2048K)
 Metaspace       used 5153K, committed 5312K, reserved 1056768K
  class space    used 455K, committed 576K, reserved 1048576K
}
Event: 2250.405 GC heap before
{Heap before GC invocations=84 (full 0):
 garbage-first heap   total 266240K, used 160332K [0x0000000700000000, 0x0000000800000000)
  region size 2048K, 76 young (155648K), 1 survivors (2048K)
 Metaspace       used 5153K, committed 5312K, reserved 1056768K
  class space    used 455K, committed 576K, reserved 1048576K
}
Event: 2250.406 GC heap after
{Heap after GC invocations=85 (full 0):
 garbage-first heap   total 266240K, used 6739K [0x0000000700000000, 0x0000000800000000)
  region size 2048K, 1 young (2048K), 1 survivors (2048K)
 Metaspace       used 5153K, committed 5312K, reserved 1056768K
  class space    used 455K, committed 576K, reserved 1048576K
}
Event: 2277.291 GC heap before
{Heap before GC invocations=85 (full 0):
 garbage-first heap   total 266240K, used 160339K [0x0000000700000000, 0x0000000800000000)
  region size 2048K, 76 young (155648K), 1 survivors (2048K)
 Metaspace       used 5153K, committed 5312K, reserved 1056768K
  class space    used 455K, committed 576K, reserved 1048576K
}
Event: 2277.292 GC heap after
{Heap after GC invocations=86 (full 0):
 garbage-first heap   total 266240K, used 6742K [0x0000000700000000, 0x0000000800000000)
  region size 2048K, 1 young (2048K), 1 survivors (2048K)
 Metaspace       used 5153K, committed 5312K, reserved 1056768K
  class space    used 455K, committed 576K, reserved 1048576K
}
Event: 2307.289 GC heap before
{Heap before GC invocations=86 (full 0):
 garbage-first heap   total 266240K, used 160342K [0x0000000700000000, 0x0000000800000000)
  region size 2048K, 76 young (155648K), 1 survivors (2048K)
 Metaspace       used 5161K, committed 5376K, reserved 1056768K
  class space    used 455K, committed 576K, reserved 1048576K
}
Event: 2307.292 GC heap after
{Heap after GC invocations=87 (full 0):
 garbage-first heap   total 266240K, used 6733K [0x0000000700000000, 0x0000000800000000)
  region size 2048K, 1 young (2048K), 1 survivors (2048K)
 Metaspace       used 5161K, committed 5376K, reserved 1056768K
  class space    used 455K, committed 576K, reserved 1048576K
}
Event: 2334.618 GC heap before
{Heap before GC invocations=87 (full 0):
 garbage-first heap   total 266240K, used 160333K [0x0000000700000000, 0x0000000800000000)
  region size 2048K, 76 young (155648K), 1 survivors (2048K)
 Metaspace       used 5162K, committed 5376K, reserved 1056768K
  class space    used 455K, committed 576K, reserved 1048576K
}
Event: 2334.625 GC heap after
{Heap after GC invocations=88 (full 0):
 garbage-first heap   total 266240K, used 6740K [0x0000000700000000, 0x0000000800000000)
  region size 2048K, 1 young (2048K), 1 survivors (2048K)
 Metaspace       used 5162K, committed 5376K, reserved 1056768K
  class space    used 455K, committed 576K, reserved 1048576K
}

