# JRE version: Java(TM) SE Runtime Environment (17.0.1+12) (build 17.0.1+12-LTS-39)
# Java VM: Java HotSpot(TM) 64-Bit Server VM (17.0.1+12-LTS-39, mixed mode, sharing, tiered, compressed oops, compressed class ptrs, g1 gc, bsd-amd64)
GC Precious Log:
 CPUs: 8 total, 8 available
 Memory: 16384M
 Large Page Support: Disabled
 NUMA Support: Disabled
 Compressed Oops: Enabled (Zero based)
 Heap Region Size: 2M
 Heap Min Capacity: 8M
 Heap Initial Capacity: 256M
 Heap Max Capacity: 4G
 Pre-touch: Disabled
 Parallel Workers: 8
 Concurrent Workers: 2
 Concurrent Refinement Workers: 8
 Periodic GC: Disabled
Heap:
 garbage-first heap   total 266240K, used 69619K [0x0000000700000000, 0x0000000800000000)
  region size 2048K, 35 young (71680K), 2 survivors (4096K)
 Metaspace       used 5372K, committed 5568K, reserved 1056768K
  class space    used 472K, committed 576K, reserved 1048576K
GC Heap History (18 events):
Event: 3.014 GC heap before
{Heap before GC invocations=0 (full 0):
 garbage-first heap   total 266240K, used 22484K [0x0000000700000000, 0x0000000800000000)
  region size 2048K, 11 young (22528K), 0 survivors (0K)
 Metaspace       used 4871K, committed 5120K, reserved 1056768K
  class space    used 442K, committed 576K, reserved 1048576K
}
Event: 3.037 GC heap after
{Heap after GC invocations=1 (full 0):
 garbage-first heap   total 266240K, used 4094K [0x0000000700000000, 0x0000000800000000)
  region size 2048K, 2 young (4096K), 2 survivors (4096K)
 Metaspace       used 4871K, committed 5120K, reserved 1056768K
  class space    used 442K, committed 576K, reserved 1048576K
}
Event: 18.845 GC heap before
{Heap before GC invocations=1 (full 0):
 garbage-first heap   total 266240K, used 65534K [0x0000000700000000, 0x0000000800000000)
  region size 2048K, 32 young (65536K), 2 survivors (4096K)
 Metaspace       used 5322K, committed 5568K, reserved 1056768K
  class space    used 470K, committed 576K, reserved 1048576K
}
Event: 18.855 GC heap after
{Heap after GC invocations=2 (full 0):
 garbage-first heap   total 266240K, used 4052K [0x0000000700000000, 0x0000000800000000)
  region size 2048K, 1 young (2048K), 1 survivors (2048K)
 Metaspace       used 5322K, committed 5568K, reserved 1056768K
  class space    used 470K, committed 576K, reserved 1048576K
}
Event: 57.837 GC heap before
{Heap before GC invocations=2 (full 0):
 garbage-first heap   total 266240K, used 157652K [0x0000000700000000, 0x0000000800000000)
  region size 2048K, 76 young (155648K), 1 survivors (2048K)
 Metaspace       used 5354K, committed 5568K, reserved 1056768K
  class space    used 470K, committed 576K, reserved 1048576K
}
Event: 57.845 GC heap after
{Heap after GC invocations=3 (full 0):
 garbage-first heap   total 266240K, used 4083K [0x0000000700000000, 0x0000000800000000)
  region size 2048K, 2 young (4096K), 2 survivors (4096K)
 Metaspace       used 5354K, committed 5568K, reserved 1056768K
  class space    used 470K, committed 576K, reserved 1048576K
}
Event: 97.180 GC heap before
{Heap before GC invocations=3 (full 0):
 garbage-first heap   total 266240K, used 155635K [0x0000000700000000, 0x0000000800000000)
  region size 2048K, 76 young (155648K), 2 survivors (4096K)
 Metaspace       used 5354K, committed 5568K, reserved 1056768K
  class space    used 470K, committed 576K, reserved 1048576K
}
Event: 97.193 GC heap after
{Heap after GC invocations=4 (full 0):
 garbage-first heap   total 266240K, used 4142K [0x0000000700000000, 0x0000000800000000)
  region size 2048K, 2 young (4096K), 2 survivors (4096K)
 Metaspace       used 5354K, committed 5568K, reserved 1056768K
  class space    used 470K, committed 576K, reserved 1048576K
}
Event: 136.632 GC heap before
{Heap before GC invocations=4 (full 0):
 garbage-first heap   total 266240K, used 155694K [0x0000000700000000, 0x0000000800000000)
  region size 2048K, 76 young (155648K), 2 survivors (4096K)
 Metaspace       used 5359K, committed 5568K, reserved 1056768K
  class space    used 471K, committed 576K, reserved 1048576K
}
Event: 136.642 GC heap after
{Heap after GC invocations=5 (full 0):
 garbage-first heap   total 266240K, used 4082K [0x0000000700000000, 0x0000000800000000)
  region size 2048K, 2 young (4096K), 2 survivors (4096K)
 Metaspace       used 5359K, committed 5568K, reserved 1056768K
  class space    used 471K, committed 576K, reserved 1048576K
}
Event: 176.495 GC heap before
{Heap before GC invocations=5 (full 0):
 garbage-first heap   total 266240K, used 155634K [0x0000000700000000, 0x0000000800000000)
  region size 2048K, 76 young (155648K), 2 survivors (4096K)
 Metaspace       used 5359K, committed 5568K, reserved 1056768K
  class space    used 471K, committed 576K, reserved 1048576K
}
Event: 176.501 GC heap after
{Heap after GC invocations=6 (full 0):
 garbage-first heap   total 266240K, used 4114K [0x0000000700000000, 0x0000000800000000)
  region size 2048K, 2 young (4096K), 2 survivors (4096K)
 Metaspace       used 5359K, committed 5568K, reserved 1056768K
  class space    used 471K, committed 576K, reserved 1048576K
}
Event: 216.571 GC heap before
{Heap before GC invocations=6 (full 0):
 garbage-first heap   total 266240K, used 155666K [0x0000000700000000, 0x0000000800000000)
  region size 2048K, 76 young (155648K), 2 survivors (4096K)
 Metaspace       used 5359K, committed 5568K, reserved 1056768K
  class space    used 471K, committed 576K, reserved 1048576K
}
Event: 216.579 GC heap after
{Heap after GC invocations=7 (full 0):
 garbage-first heap   total 266240K, used 4142K [0x0000000700000000, 0x0000000800000000)
  region size 2048K, 2 young (4096K), 2 survivors (4096K)
 Metaspace       used 5359K, committed 5568K, reserved 1056768K
  class space    used 471K, committed 576K, reserved 1048576K
}
Event: 256.663 GC heap before
{Heap before GC invocations=7 (full 0):
 garbage-first heap   total 266240K, used 155694K [0x0000000700000000, 0x0000000800000000)
  region size 2048K, 76 young (155648K), 2 survivors (4096K)
 Metaspace       used 5365K, committed 5568K, reserved 1056768K
  class space    used 471K, committed 576K, reserved 1048576K
}
Event: 256.673 GC heap after
{Heap after GC invocations=8 (full 0):
 garbage-first heap   total 266240K, used 4112K [0x0000000700000000, 0x0000000800000000)
  region size 2048K, 2 young (4096K), 2 survivors (4096K)
 Metaspace       used 5365K, committed 5568K, reserved 1056768K
  class space    used 471K, committed 576K, reserved 1048576K
}
Event: 296.527 GC heap before
{Heap before GC invocations=8 (full 0):
 garbage-first heap   total 266240K, used 155664K [0x0000000700000000, 0x0000000800000000)
  region size 2048K, 76 young (155648K), 2 survivors (4096K)
 Metaspace       used 5368K, committed 5568K, reserved 1056768K
  class space    used 472K, committed 576K, reserved 1048576K
}
Event: 296.578 GC heap after
{Heap after GC invocations=9 (full 0):
 garbage-first heap   total 266240K, used 4083K [0x0000000700000000, 0x0000000800000000)
  region size 2048K, 2 young (4096K), 2 survivors (4096K)
 Metaspace       used 5368K, committed 5568K, reserved 1056768K
  class space    used 472K, committed 576K, reserved 1048576K
}

