# JRE version: Java(TM) SE Runtime Environment (17.0.1+12) (build 17.0.1+12-LTS-39)
# Java VM: Java HotSpot(TM) 64-Bit Server VM (17.0.1+12-LTS-39, mixed mode, sharing, tiered, compressed oops, compressed class ptrs, g1 gc, bsd-amd64)
GC Precious Log:
 CPUs: 8 total, 8 available
 Memory: 16384M
 Large Page Support: Disabled
 NUMA Support: Disabled
 Compressed Oops: Enabled (Zero based)
 Heap Region Size: 2M
 Heap Min Capacity: 8M
 Heap Initial Capacity: 256M
 Heap Max Capacity: 4G
 Pre-touch: Disabled
 Parallel Workers: 8
 Concurrent Workers: 2
 Concurrent Refinement Workers: 8
 Periodic GC: Disabled
Heap:
 garbage-first heap   total 266240K, used 59598K [0x0000000700000000, 0x0000000800000000)
  region size 2048K, 29 young (59392K), 1 survivors (2048K)
 Metaspace       used 5177K, committed 5440K, reserved 1056768K
  class space    used 454K, committed 576K, reserved 1048576K
GC Heap History (20 events):
Event: 310.483 GC heap before
{Heap before GC invocations=13 (full 0):
 garbage-first heap   total 266240K, used 155751K [0x0000000700000000, 0x0000000800000000)
  region size 2048K, 76 young (155648K), 2 survivors (4096K)
 Metaspace       used 5169K, committed 5376K, reserved 1056768K
  class space    used 454K, committed 576K, reserved 1048576K
}
Event: 310.492 GC heap after
{Heap after GC invocations=14 (full 0):
 garbage-first heap   total 266240K, used 4257K [0x0000000700000000, 0x0000000800000000)
  region size 2048K, 2 young (4096K), 2 survivors (4096K)
 Metaspace       used 5169K, committed 5376K, reserved 1056768K
  class space    used 454K, committed 576K, reserved 1048576K
}
Event: 326.923 GC heap before
{Heap before GC invocations=14 (full 0):
 garbage-first heap   total 266240K, used 155809K [0x0000000700000000, 0x0000000800000000)
  region size 2048K, 76 young (155648K), 2 survivors (4096K)
 Metaspace       used 5169K, committed 5376K, reserved 1056768K
  class space    used 454K, committed 576K, reserved 1048576K
}
Event: 326.929 GC heap after
{Heap after GC invocations=15 (full 0):
 garbage-first heap   total 266240K, used 4203K [0x0000000700000000, 0x0000000800000000)
  region size 2048K, 2 young (4096K), 2 survivors (4096K)
 Metaspace       used 5169K, committed 5376K, reserved 1056768K
  class space    used 454K, committed 576K, reserved 1048576K
}
Event: 347.062 GC heap before
{Heap before GC invocations=15 (full 0):
 garbage-first heap   total 266240K, used 155755K [0x0000000700000000, 0x0000000800000000)
  region size 2048K, 76 young (155648K), 2 survivors (4096K)
 Metaspace       used 5169K, committed 5376K, reserved 1056768K
  class space    used 454K, committed 576K, reserved 1048576K
}
Event: 347.077 GC heap after
{Heap after GC invocations=16 (full 0):
 garbage-first heap   total 266240K, used 4252K [0x0000000700000000, 0x0000000800000000)
  region size 2048K, 1 young (2048K), 1 survivors (2048K)
 Metaspace       used 5169K, committed 5376K, reserved 1056768K
  class space    used 454K, committed 576K, reserved 1048576K
}
Event: 369.815 GC heap before
{Heap before GC invocations=16 (full 0):
 garbage-first heap   total 266240K, used 157852K [0x0000000700000000, 0x0000000800000000)
  region size 2048K, 76 young (155648K), 1 survivors (2048K)
 Metaspace       used 5169K, committed 5376K, reserved 1056768K
  class space    used 454K, committed 576K, reserved 1048576K
}
Event: 369.821 GC heap after
{Heap after GC invocations=17 (full 0):
 garbage-first heap   total 266240K, used 4209K [0x0000000700000000, 0x0000000800000000)
  region size 2048K, 1 young (2048K), 1 survivors (2048K)
 Metaspace       used 5169K, committed 5376K, reserved 1056768K
  class space    used 454K, committed 576K, reserved 1048576K
}
Event: 390.516 GC heap before
{Heap before GC invocations=17 (full 0):
 garbage-first heap   total 266240K, used 157809K [0x0000000700000000, 0x0000000800000000)
  region size 2048K, 76 young (155648K), 1 survivors (2048K)
 Metaspace       used 5169K, committed 5376K, reserved 1056768K
  class space    used 454K, committed 576K, reserved 1048576K
}
Event: 390.519 GC heap after
{Heap after GC invocations=18 (full 0):
 garbage-first heap   total 266240K, used 4215K [0x0000000700000000, 0x0000000800000000)
  region size 2048K, 1 young (2048K), 1 survivors (2048K)
 Metaspace       used 5169K, committed 5376K, reserved 1056768K
  class space    used 454K, committed 576K, reserved 1048576K
}
Event: 412.474 GC heap before
{Heap before GC invocations=18 (full 0):
 garbage-first heap   total 266240K, used 157815K [0x0000000700000000, 0x0000000800000000)
  region size 2048K, 76 young (155648K), 1 survivors (2048K)
 Metaspace       used 5169K, committed 5376K, reserved 1056768K
  class space    used 454K, committed 576K, reserved 1048576K
}
Event: 412.476 GC heap after
{Heap after GC invocations=19 (full 0):
 garbage-first heap   total 266240K, used 4224K [0x0000000700000000, 0x0000000800000000)
  region size 2048K, 1 young (2048K), 1 survivors (2048K)
 Metaspace       used 5169K, committed 5376K, reserved 1056768K
  class space    used 454K, committed 576K, reserved 1048576K
}
Event: 432.835 GC heap before
{Heap before GC invocations=19 (full 0):
 garbage-first heap   total 266240K, used 157824K [0x0000000700000000, 0x0000000800000000)
  region size 2048K, 76 young (155648K), 1 survivors (2048K)
 Metaspace       used 5169K, committed 5376K, reserved 1056768K
  class space    used 454K, committed 576K, reserved 1048576K
}
Event: 432.837 GC heap after
{Heap after GC invocations=20 (full 0):
 garbage-first heap   total 266240K, used 4287K [0x0000000700000000, 0x0000000800000000)
  region size 2048K, 1 young (2048K), 1 survivors (2048K)
 Metaspace       used 5169K, committed 5376K, reserved 1056768K
  class space    used 454K, committed 576K, reserved 1048576K
}
Event: 455.197 GC heap before
{Heap before GC invocations=20 (full 0):
 garbage-first heap   total 266240K, used 157887K [0x0000000700000000, 0x0000000800000000)
  region size 2048K, 76 young (155648K), 1 survivors (2048K)
 Metaspace       used 5169K, committed 5376K, reserved 1056768K
  class space    used 454K, committed 576K, reserved 1048576K
}
Event: 455.198 GC heap after
{Heap after GC invocations=21 (full 0):
 garbage-first heap   total 266240K, used 4285K [0x0000000700000000, 0x0000000800000000)
  region size 2048K, 1 young (2048K), 1 survivors (2048K)
 Metaspace       used 5169K, committed 5376K, reserved 1056768K
  class space    used 454K, committed 576K, reserved 1048576K
}
Event: 475.983 GC heap before
{Heap before GC invocations=21 (full 0):
 garbage-first heap   total 266240K, used 157885K [0x0000000700000000, 0x0000000800000000)
  region size 2048K, 76 young (155648K), 1 survivors (2048K)
 Metaspace       used 5172K, committed 5440K, reserved 1056768K
  class space    used 454K, committed 576K, reserved 1048576K
}
Event: 475.985 GC heap after
{Heap after GC invocations=22 (full 0):
 garbage-first heap   total 266240K, used 4304K [0x0000000700000000, 0x0000000800000000)
  region size 2048K, 1 young (2048K), 1 survivors (2048K)
 Metaspace       used 5172K, committed 5440K, reserved 1056768K
  class space    used 454K, committed 576K, reserved 1048576K
}
Event: 503.782 GC heap before
{Heap before GC invocations=22 (full 0):
 garbage-first heap   total 266240K, used 157904K [0x0000000700000000, 0x0000000800000000)
  region size 2048K, 76 young (155648K), 1 survivors (2048K)
 Metaspace       used 5173K, committed 5440K, reserved 1056768K
  class space    used 454K, committed 576K, reserved 1048576K
}
Event: 503.785 GC heap after
{Heap after GC invocations=23 (full 0):
 garbage-first heap   total 266240K, used 4302K [0x0000000700000000, 0x0000000800000000)
  region size 2048K, 1 young (2048K), 1 survivors (2048K)
 Metaspace       used 5173K, committed 5440K, reserved 1056768K
  class space    used 454K, committed 576K, reserved 1048576K
}

