# JRE version: Java(TM) SE Runtime Environment (17.0.1+12) (build 17.0.1+12-LTS-39)
# Java VM: Java HotSpot(TM) 64-Bit Server VM (17.0.1+12-LTS-39, mixed mode, sharing, tiered, compressed oops, compressed class ptrs, g1 gc, bsd-amd64)
GC Precious Log:
 CPUs: 8 total, 8 available
 Memory: 16384M
 Large Page Support: Disabled
 NUMA Support: Disabled
 Compressed Oops: Enabled (Zero based)
 Heap Region Size: 2M
 Heap Min Capacity: 8M
 Heap Initial Capacity: 256M
 Heap Max Capacity: 4G
 Pre-touch: Disabled
 Parallel Workers: 8
 Concurrent Workers: 2
 Concurrent Refinement Workers: 8
 Periodic GC: Disabled
Heap:
 garbage-first heap   total 266240K, used 40916K [0x0000000700000000, 0x0000000800000000)
  region size 2048K, 20 young (40960K), 1 survivors (2048K)
 Metaspace       used 5119K, committed 5376K, reserved 1056768K
  class space    used 433K, committed 576K, reserved 1048576K
GC Heap History (20 events):
Event: 19.402 GC heap before
{Heap before GC invocations=1 (full 0):
 garbage-first heap   total 266240K, used 67582K [0x0000000700000000, 0x0000000800000000)
  region size 2048K, 33 young (67584K), 2 survivors (4096K)
 Metaspace       used 4897K, committed 4992K, reserved 1056768K
  class space    used 411K, committed 448K, reserved 1048576K
}
Event: 19.433 GC heap after
{Heap after GC invocations=2 (full 0):
 garbage-first heap   total 266240K, used 4000K [0x0000000700000000, 0x0000000800000000)
  region size 2048K, 1 young (2048K), 1 survivors (2048K)
 Metaspace       used 4897K, committed 4992K, reserved 1056768K
  class space    used 411K, committed 448K, reserved 1048576K
}
Event: 57.795 GC heap before
{Heap before GC invocations=2 (full 0):
 garbage-first heap   total 266240K, used 157600K [0x0000000700000000, 0x0000000800000000)
  region size 2048K, 76 young (155648K), 1 survivors (2048K)
 Metaspace       used 4897K, committed 4992K, reserved 1056768K
  class space    used 411K, committed 448K, reserved 1048576K
}
Event: 57.813 GC heap after
{Heap after GC invocations=3 (full 0):
 garbage-first heap   total 266240K, used 4004K [0x0000000700000000, 0x0000000800000000)
  region size 2048K, 1 young (2048K), 1 survivors (2048K)
 Metaspace       used 4897K, committed 4992K, reserved 1056768K
  class space    used 411K, committed 448K, reserved 1048576K
}
Event: 96.817 GC heap before
{Heap before GC invocations=3 (full 0):
 garbage-first heap   total 266240K, used 157604K [0x0000000700000000, 0x0000000800000000)
  region size 2048K, 76 young (155648K), 1 survivors (2048K)
 Metaspace       used 4900K, committed 4992K, reserved 1056768K
  class space    used 411K, committed 448K, reserved 1048576K
}
Event: 96.840 GC heap after
{Heap after GC invocations=4 (full 0):
 garbage-first heap   total 266240K, used 3979K [0x0000000700000000, 0x0000000800000000)
  region size 2048K, 1 young (2048K), 1 survivors (2048K)
 Metaspace       used 4900K, committed 4992K, reserved 1056768K
  class space    used 411K, committed 448K, reserved 1048576K
}
Event: 134.311 GC heap before
{Heap before GC invocations=4 (full 0):
 garbage-first heap   total 266240K, used 157579K [0x0000000700000000, 0x0000000800000000)
  region size 2048K, 76 young (155648K), 1 survivors (2048K)
 Metaspace       used 5094K, committed 5248K, reserved 1056768K
  class space    used 432K, committed 512K, reserved 1048576K
}
Event: 134.322 GC heap after
{Heap after GC invocations=5 (full 0):
 garbage-first heap   total 266240K, used 4142K [0x0000000700000000, 0x0000000800000000)
  region size 2048K, 2 young (4096K), 2 survivors (4096K)
 Metaspace       used 5094K, committed 5248K, reserved 1056768K
  class space    used 432K, committed 512K, reserved 1048576K
}
Event: 169.923 GC heap before
{Heap before GC invocations=5 (full 0):
 garbage-first heap   total 266240K, used 155694K [0x0000000700000000, 0x0000000800000000)
  region size 2048K, 76 young (155648K), 2 survivors (4096K)
 Metaspace       used 5097K, committed 5248K, reserved 1056768K
  class space    used 432K, committed 512K, reserved 1048576K
}
Event: 169.950 GC heap after
{Heap after GC invocations=6 (full 0):
 garbage-first heap   total 266240K, used 4142K [0x0000000700000000, 0x0000000800000000)
  region size 2048K, 2 young (4096K), 2 survivors (4096K)
 Metaspace       used 5097K, committed 5248K, reserved 1056768K
  class space    used 432K, committed 512K, reserved 1048576K
}
Event: 206.032 GC heap before
{Heap before GC invocations=6 (full 0):
 garbage-first heap   total 266240K, used 155694K [0x0000000700000000, 0x0000000800000000)
  region size 2048K, 76 young (155648K), 2 survivors (4096K)
 Metaspace       used 5098K, committed 5248K, reserved 1056768K
  class space    used 432K, committed 512K, reserved 1048576K
}
Event: 206.053 GC heap after
{Heap after GC invocations=7 (full 0):
 garbage-first heap   total 266240K, used 4019K [0x0000000700000000, 0x0000000800000000)
  region size 2048K, 1 young (2048K), 1 survivors (2048K)
 Metaspace       used 5098K, committed 5248K, reserved 1056768K
  class space    used 432K, committed 512K, reserved 1048576K
}
Event: 242.497 GC heap before
{Heap before GC invocations=7 (full 0):
 garbage-first heap   total 266240K, used 157619K [0x0000000700000000, 0x0000000800000000)
  region size 2048K, 76 young (155648K), 1 survivors (2048K)
 Metaspace       used 5098K, committed 5248K, reserved 1056768K
  class space    used 432K, committed 512K, reserved 1048576K
}
Event: 242.511 GC heap after
{Heap after GC invocations=8 (full 0):
 garbage-first heap   total 266240K, used 4052K [0x0000000700000000, 0x0000000800000000)
  region size 2048K, 1 young (2048K), 1 survivors (2048K)
 Metaspace       used 5098K, committed 5248K, reserved 1056768K
  class space    used 432K, committed 512K, reserved 1048576K
}
Event: 279.725 GC heap before
{Heap before GC invocations=8 (full 0):
 garbage-first heap   total 266240K, used 157652K [0x0000000700000000, 0x0000000800000000)
  region size 2048K, 76 young (155648K), 1 survivors (2048K)
 Metaspace       used 5103K, committed 5312K, reserved 1056768K
  class space    used 432K, committed 512K, reserved 1048576K
}
Event: 279.743 GC heap after
{Heap after GC invocations=9 (full 0):
 garbage-first heap   total 266240K, used 4032K [0x0000000700000000, 0x0000000800000000)
  region size 2048K, 1 young (2048K), 1 survivors (2048K)
 Metaspace       used 5103K, committed 5312K, reserved 1056768K
  class space    used 432K, committed 512K, reserved 1048576K
}
Event: 316.263 GC heap before
{Heap before GC invocations=9 (full 0):
 garbage-first heap   total 266240K, used 157632K [0x0000000700000000, 0x0000000800000000)
  region size 2048K, 76 young (155648K), 1 survivors (2048K)
 Metaspace       used 5116K, committed 5376K, reserved 1056768K
  class space    used 433K, committed 576K, reserved 1048576K
}
Event: 316.350 GC heap after
{Heap after GC invocations=10 (full 0):
 garbage-first heap   total 266240K, used 4052K [0x0000000700000000, 0x0000000800000000)
  region size 2048K, 1 young (2048K), 1 survivors (2048K)
 Metaspace       used 5116K, committed 5376K, reserved 1056768K
  class space    used 433K, committed 576K, reserved 1048576K
}
Event: 353.018 GC heap before
{Heap before GC invocations=10 (full 0):
 garbage-first heap   total 266240K, used 157652K [0x0000000700000000, 0x0000000800000000)
  region size 2048K, 76 young (155648K), 1 survivors (2048K)
 Metaspace       used 5116K, committed 5376K, reserved 1056768K
  class space    used 433K, committed 576K, reserved 1048576K
}
Event: 353.052 GC heap after
{Heap after GC invocations=11 (full 0):
 garbage-first heap   total 266240K, used 4052K [0x0000000700000000, 0x0000000800000000)
  region size 2048K, 1 young (2048K), 1 survivors (2048K)
 Metaspace       used 5116K, committed 5376K, reserved 1056768K
  class space    used 433K, committed 576K, reserved 1048576K
}

