# JRE version: Java(TM) SE Runtime Environment (17.0.1+12) (build 17.0.1+12-LTS-39)
# Java VM: Java HotSpot(TM) 64-Bit Server VM (17.0.1+12-LTS-39, mixed mode, sharing, tiered, compressed oops, compressed class ptrs, g1 gc, bsd-amd64)
GC Precious Log:
 CPUs: 8 total, 8 available
 Memory: 16384M
 Large Page Support: Disabled
 NUMA Support: Disabled
 Compressed Oops: Enabled (Zero based)
 Heap Region Size: 2M
 Heap Min Capacity: 8M
 Heap Initial Capacity: 256M
 Heap Max Capacity: 4G
 Pre-touch: Disabled
 Parallel Workers: 8
 Concurrent Workers: 2
 Concurrent Refinement Workers: 8
 Periodic GC: Disabled
Heap:
 garbage-first heap   total 266240K, used 24785K [0x0000000700000000, 0x0000000800000000)
  region size 2048K, 12 young (24576K), 1 survivors (2048K)
 Metaspace       used 5131K, committed 5312K, reserved 1056768K
  class space    used 453K, committed 576K, reserved 1048576K
GC Heap History (20 events):
Event: 192.209 GC heap before
{Heap before GC invocations=7 (full 0):
 garbage-first heap   total 266240K, used 155687K [0x0000000700000000, 0x0000000800000000)
  region size 2048K, 76 young (155648K), 2 survivors (4096K)
 Metaspace       used 5118K, committed 5248K, reserved 1056768K
  class space    used 451K, committed 512K, reserved 1048576K
}
Event: 192.220 GC heap after
{Heap after GC invocations=8 (full 0):
 garbage-first heap   total 266240K, used 4153K [0x0000000700000000, 0x0000000800000000)
  region size 2048K, 2 young (4096K), 2 survivors (4096K)
 Metaspace       used 5118K, committed 5248K, reserved 1056768K
  class space    used 451K, committed 512K, reserved 1048576K
}
Event: 218.645 GC heap before
{Heap before GC invocations=8 (full 0):
 garbage-first heap   total 266240K, used 155705K [0x0000000700000000, 0x0000000800000000)
  region size 2048K, 76 young (155648K), 2 survivors (4096K)
 Metaspace       used 5118K, committed 5248K, reserved 1056768K
  class space    used 451K, committed 512K, reserved 1048576K
}
Event: 218.667 GC heap after
{Heap after GC invocations=9 (full 0):
 garbage-first heap   total 266240K, used 4157K [0x0000000700000000, 0x0000000800000000)
  region size 2048K, 2 young (4096K), 2 survivors (4096K)
 Metaspace       used 5118K, committed 5248K, reserved 1056768K
  class space    used 451K, committed 512K, reserved 1048576K
}
Event: 245.138 GC heap before
{Heap before GC invocations=9 (full 0):
 garbage-first heap   total 266240K, used 155709K [0x0000000700000000, 0x0000000800000000)
  region size 2048K, 76 young (155648K), 2 survivors (4096K)
 Metaspace       used 5120K, committed 5248K, reserved 1056768K
  class space    used 451K, committed 512K, reserved 1048576K
}
Event: 245.146 GC heap after
{Heap after GC invocations=10 (full 0):
 garbage-first heap   total 266240K, used 4136K [0x0000000700000000, 0x0000000800000000)
  region size 2048K, 2 young (4096K), 2 survivors (4096K)
 Metaspace       used 5120K, committed 5248K, reserved 1056768K
  class space    used 451K, committed 512K, reserved 1048576K
}
Event: 271.681 GC heap before
{Heap before GC invocations=10 (full 0):
 garbage-first heap   total 266240K, used 155688K [0x0000000700000000, 0x0000000800000000)
  region size 2048K, 76 young (155648K), 2 survivors (4096K)
 Metaspace       used 5120K, committed 5248K, reserved 1056768K
  class space    used 451K, committed 512K, reserved 1048576K
}
Event: 271.690 GC heap after
{Heap after GC invocations=11 (full 0):
 garbage-first heap   total 266240K, used 4142K [0x0000000700000000, 0x0000000800000000)
  region size 2048K, 2 young (4096K), 2 survivors (4096K)
 Metaspace       used 5120K, committed 5248K, reserved 1056768K
  class space    used 451K, committed 512K, reserved 1048576K
}
Event: 298.189 GC heap before
{Heap before GC invocations=11 (full 0):
 garbage-first heap   total 266240K, used 155694K [0x0000000700000000, 0x0000000800000000)
  region size 2048K, 76 young (155648K), 2 survivors (4096K)
 Metaspace       used 5120K, committed 5248K, reserved 1056768K
  class space    used 451K, committed 512K, reserved 1048576K
}
Event: 298.207 GC heap after
{Heap after GC invocations=12 (full 0):
 garbage-first heap   total 266240K, used 4185K [0x0000000700000000, 0x0000000800000000)
  region size 2048K, 2 young (4096K), 2 survivors (4096K)
 Metaspace       used 5120K, committed 5248K, reserved 1056768K
  class space    used 451K, committed 512K, reserved 1048576K
}
Event: 324.756 GC heap before
{Heap before GC invocations=12 (full 0):
 garbage-first heap   total 266240K, used 155737K [0x0000000700000000, 0x0000000800000000)
  region size 2048K, 76 young (155648K), 2 survivors (4096K)
 Metaspace       used 5120K, committed 5248K, reserved 1056768K
  class space    used 451K, committed 512K, reserved 1048576K
}
Event: 324.773 GC heap after
{Heap after GC invocations=13 (full 0):
 garbage-first heap   total 266240K, used 4241K [0x0000000700000000, 0x0000000800000000)
  region size 2048K, 2 young (4096K), 2 survivors (4096K)
 Metaspace       used 5120K, committed 5248K, reserved 1056768K
  class space    used 451K, committed 512K, reserved 1048576K
}
Event: 351.302 GC heap before
{Heap before GC invocations=13 (full 0):
 garbage-first heap   total 266240K, used 155793K [0x0000000700000000, 0x0000000800000000)
  region size 2048K, 76 young (155648K), 2 survivors (4096K)
 Metaspace       used 5120K, committed 5248K, reserved 1056768K
  class space    used 451K, committed 512K, reserved 1048576K
}
Event: 351.315 GC heap after
{Heap after GC invocations=14 (full 0):
 garbage-first heap   total 266240K, used 4171K [0x0000000700000000, 0x0000000800000000)
  region size 2048K, 2 young (4096K), 2 survivors (4096K)
 Metaspace       used 5120K, committed 5248K, reserved 1056768K
  class space    used 451K, committed 512K, reserved 1048576K
}
Event: 377.620 GC heap before
{Heap before GC invocations=14 (full 0):
 garbage-first heap   total 266240K, used 155723K [0x0000000700000000, 0x0000000800000000)
  region size 2048K, 76 young (155648K), 2 survivors (4096K)
 Metaspace       used 5128K, committed 5312K, reserved 1056768K
  class space    used 452K, committed 576K, reserved 1048576K
}
Event: 377.628 GC heap after
{Heap after GC invocations=15 (full 0):
 garbage-first heap   total 266240K, used 4253K [0x0000000700000000, 0x0000000800000000)
  region size 2048K, 2 young (4096K), 2 survivors (4096K)
 Metaspace       used 5128K, committed 5312K, reserved 1056768K
  class space    used 452K, committed 576K, reserved 1048576K
}
Event: 404.022 GC heap before
{Heap before GC invocations=15 (full 0):
 garbage-first heap   total 266240K, used 155805K [0x0000000700000000, 0x0000000800000000)
  region size 2048K, 76 young (155648K), 2 survivors (4096K)
 Metaspace       used 5128K, committed 5312K, reserved 1056768K
  class space    used 452K, committed 576K, reserved 1048576K
}
Event: 404.040 GC heap after
{Heap after GC invocations=16 (full 0):
 garbage-first heap   total 266240K, used 4216K [0x0000000700000000, 0x0000000800000000)
  region size 2048K, 1 young (2048K), 1 survivors (2048K)
 Metaspace       used 5128K, committed 5312K, reserved 1056768K
  class space    used 452K, committed 576K, reserved 1048576K
}
Event: 430.917 GC heap before
{Heap before GC invocations=16 (full 0):
 garbage-first heap   total 266240K, used 157816K [0x0000000700000000, 0x0000000800000000)
  region size 2048K, 76 young (155648K), 1 survivors (2048K)
 Metaspace       used 5128K, committed 5312K, reserved 1056768K
  class space    used 452K, committed 576K, reserved 1048576K
}
Event: 430.923 GC heap after
{Heap after GC invocations=17 (full 0):
 garbage-first heap   total 266240K, used 4305K [0x0000000700000000, 0x0000000800000000)
  region size 2048K, 1 young (2048K), 1 survivors (2048K)
 Metaspace       used 5128K, committed 5312K, reserved 1056768K
  class space    used 452K, committed 576K, reserved 1048576K
}

