# JRE version: Java(TM) SE Runtime Environment (17.0.1+12) (build 17.0.1+12-LTS-39)
# Java VM: Java HotSpot(TM) 64-Bit Server VM (17.0.1+12-LTS-39, mixed mode, sharing, tiered, compressed oops, compressed class ptrs, g1 gc, bsd-amd64)
GC Precious Log:
 CPUs: 8 total, 8 available
 Memory: 16384M
 Large Page Support: Disabled
 NUMA Support: Disabled
 Compressed Oops: Enabled (Zero based)
 Heap Region Size: 2M
 Heap Min Capacity: 8M
 Heap Initial Capacity: 256M
 Heap Max Capacity: 4G
 Pre-touch: Disabled
 Parallel Workers: 8
 Concurrent Workers: 2
 Concurrent Refinement Workers: 8
 Periodic GC: Disabled
Heap:
 garbage-first heap   total 266240K, used 112686K [0x0000000700000000, 0x0000000800000000)
  region size 2048K, 56 young (114688K), 2 survivors (4096K)
 Metaspace       used 5363K, committed 5568K, reserved 1056768K
  class space    used 471K, committed 576K, reserved 1048576K
GC Heap History (6 events):
Event: 2.716 GC heap before
{Heap before GC invocations=0 (full 0):
 garbage-first heap   total 266240K, used 22484K [0x0000000700000000, 0x0000000800000000)
  region size 2048K, 11 young (22528K), 0 survivors (0K)
 Metaspace       used 4859K, committed 5056K, reserved 1056768K
  class space    used 438K, committed 512K, reserved 1048576K
}
Event: 2.735 GC heap after
{Heap after GC invocations=1 (full 0):
 garbage-first heap   total 266240K, used 4052K [0x0000000700000000, 0x0000000800000000)
  region size 2048K, 1 young (2048K), 1 survivors (2048K)
 Metaspace       used 4859K, committed 5056K, reserved 1056768K
  class space    used 438K, committed 512K, reserved 1048576K
}
Event: 16.483 GC heap before
{Heap before GC invocations=1 (full 0):
 garbage-first heap   total 266240K, used 59348K [0x0000000700000000, 0x0000000800000000)
  region size 2048K, 28 young (57344K), 1 survivors (2048K)
 Metaspace       used 5352K, committed 5568K, reserved 1056768K
  class space    used 470K, committed 576K, reserved 1048576K
}
Event: 16.505 GC heap after
{Heap after GC invocations=2 (full 0):
 garbage-first heap   total 266240K, used 4113K [0x0000000700000000, 0x0000000800000000)
  region size 2048K, 2 young (4096K), 2 survivors (4096K)
 Metaspace       used 5352K, committed 5568K, reserved 1056768K
  class space    used 470K, committed 576K, reserved 1048576K
}
Event: 54.881 GC heap before
{Heap before GC invocations=2 (full 0):
 garbage-first heap   total 266240K, used 155665K [0x0000000700000000, 0x0000000800000000)
  region size 2048K, 76 young (155648K), 2 survivors (4096K)
 Metaspace       used 5358K, committed 5568K, reserved 1056768K
  class space    used 470K, committed 576K, reserved 1048576K
}
Event: 54.901 GC heap after
{Heap after GC invocations=3 (full 0):
 garbage-first heap   total 266240K, used 4142K [0x0000000700000000, 0x0000000800000000)
  region size 2048K, 2 young (4096K), 2 survivors (4096K)
 Metaspace       used 5358K, committed 5568K, reserved 1056768K
  class space    used 470K, committed 576K, reserved 1048576K
}

