# JRE version: Java(TM) SE Runtime Environment (17.0.1+12) (build 17.0.1+12-LTS-39)
# Java VM: Java HotSpot(TM) 64-Bit Server VM (17.0.1+12-LTS-39, mixed mode, sharing, tiered, compressed oops, compressed class ptrs, g1 gc, bsd-amd64)
GC Precious Log:
 CPUs: 8 total, 8 available
 Memory: 16384M
 Large Page Support: Disabled
 NUMA Support: Disabled
 Compressed Oops: Enabled (Zero based)
 Heap Region Size: 2M
 Heap Min Capacity: 8M
 Heap Initial Capacity: 256M
 Heap Max Capacity: 4G
 Pre-touch: Disabled
 Parallel Workers: 8
 Concurrent Workers: 2
 Concurrent Refinement Workers: 8
 Periodic GC: Disabled
Heap:
 garbage-first heap   total 266240K, used 102343K [0x0000000700000000, 0x0000000800000000)
  region size 2048K, 50 young (102400K), 1 survivors (2048K)
 Metaspace       used 4895K, committed 5120K, reserved 1056768K
  class space    used 412K, committed 512K, reserved 1048576K
GC Heap History (20 events):
Event: 3.000 GC heap before
{Heap before GC invocations=0 (full 0):
 garbage-first heap   total 266240K, used 22484K [0x0000000700000000, 0x0000000800000000)
  region size 2048K, 11 young (22528K), 0 survivors (0K)
 Metaspace       used 4629K, committed 4800K, reserved 1056768K
  class space    used 411K, committed 448K, reserved 1048576K
}
Event: 3.009 GC heap after
{Heap after GC invocations=1 (full 0):
 garbage-first heap   total 266240K, used 4052K [0x0000000700000000, 0x0000000800000000)
  region size 2048K, 1 young (2048K), 1 survivors (2048K)
 Metaspace       used 4629K, committed 4800K, reserved 1056768K
  class space    used 411K, committed 448K, reserved 1048576K
}
Event: 17.059 GC heap before
{Heap before GC invocations=1 (full 0):
 garbage-first heap   total 266240K, used 61396K [0x0000000700000000, 0x0000000800000000)
  region size 2048K, 29 young (59392K), 1 survivors (2048K)
 Metaspace       used 4874K, committed 5056K, reserved 1056768K
  class space    used 411K, committed 448K, reserved 1048576K
}
Event: 17.092 GC heap after
{Heap after GC invocations=2 (full 0):
 garbage-first heap   total 266240K, used 4012K [0x0000000700000000, 0x0000000800000000)
  region size 2048K, 1 young (2048K), 1 survivors (2048K)
 Metaspace       used 4874K, committed 5056K, reserved 1056768K
  class space    used 411K, committed 448K, reserved 1048576K
}
Event: 55.320 GC heap before
{Heap before GC invocations=2 (full 0):
 garbage-first heap   total 266240K, used 157612K [0x0000000700000000, 0x0000000800000000)
  region size 2048K, 76 young (155648K), 1 survivors (2048K)
 Metaspace       used 4875K, committed 5056K, reserved 1056768K
  class space    used 411K, committed 448K, reserved 1048576K
}
Event: 55.332 GC heap after
{Heap after GC invocations=3 (full 0):
 garbage-first heap   total 266240K, used 3964K [0x0000000700000000, 0x0000000800000000)
  region size 2048K, 1 young (2048K), 1 survivors (2048K)
 Metaspace       used 4875K, committed 5056K, reserved 1056768K
  class space    used 411K, committed 448K, reserved 1048576K
}
Event: 94.023 GC heap before
{Heap before GC invocations=3 (full 0):
 garbage-first heap   total 266240K, used 157564K [0x0000000700000000, 0x0000000800000000)
  region size 2048K, 76 young (155648K), 1 survivors (2048K)
 Metaspace       used 4875K, committed 5056K, reserved 1056768K
  class space    used 411K, committed 448K, reserved 1048576K
}
Event: 94.071 GC heap after
{Heap after GC invocations=4 (full 0):
 garbage-first heap   total 266240K, used 4052K [0x0000000700000000, 0x0000000800000000)
  region size 2048K, 1 young (2048K), 1 survivors (2048K)
 Metaspace       used 4875K, committed 5056K, reserved 1056768K
  class space    used 411K, committed 448K, reserved 1048576K
}
Event: 132.748 GC heap before
{Heap before GC invocations=4 (full 0):
 garbage-first heap   total 266240K, used 157652K [0x0000000700000000, 0x0000000800000000)
  region size 2048K, 76 young (155648K), 1 survivors (2048K)
 Metaspace       used 4880K, committed 5056K, reserved 1056768K
  class space    used 412K, committed 448K, reserved 1048576K
}
Event: 132.763 GC heap after
{Heap after GC invocations=5 (full 0):
 garbage-first heap   total 266240K, used 4027K [0x0000000700000000, 0x0000000800000000)
  region size 2048K, 1 young (2048K), 1 survivors (2048K)
 Metaspace       used 4880K, committed 5056K, reserved 1056768K
  class space    used 412K, committed 448K, reserved 1048576K
}
Event: 171.541 GC heap before
{Heap before GC invocations=5 (full 0):
 garbage-first heap   total 266240K, used 157627K [0x0000000700000000, 0x0000000800000000)
  region size 2048K, 76 young (155648K), 1 survivors (2048K)
 Metaspace       used 4883K, committed 5056K, reserved 1056768K
  class space    used 412K, committed 448K, reserved 1048576K
}
Event: 171.555 GC heap after
{Heap after GC invocations=6 (full 0):
 garbage-first heap   total 266240K, used 4021K [0x0000000700000000, 0x0000000800000000)
  region size 2048K, 1 young (2048K), 1 survivors (2048K)
 Metaspace       used 4883K, committed 5056K, reserved 1056768K
  class space    used 412K, committed 448K, reserved 1048576K
}
Event: 210.586 GC heap before
{Heap before GC invocations=6 (full 0):
 garbage-first heap   total 266240K, used 157621K [0x0000000700000000, 0x0000000800000000)
  region size 2048K, 76 young (155648K), 1 survivors (2048K)
 Metaspace       used 4886K, committed 5056K, reserved 1056768K
  class space    used 412K, committed 448K, reserved 1048576K
}
Event: 210.593 GC heap after
{Heap after GC invocations=7 (full 0):
 garbage-first heap   total 266240K, used 4011K [0x0000000700000000, 0x0000000800000000)
  region size 2048K, 1 young (2048K), 1 survivors (2048K)
 Metaspace       used 4886K, committed 5056K, reserved 1056768K
  class space    used 412K, committed 448K, reserved 1048576K
}
Event: 249.648 GC heap before
{Heap before GC invocations=7 (full 0):
 garbage-first heap   total 266240K, used 157611K [0x0000000700000000, 0x0000000800000000)
  region size 2048K, 76 young (155648K), 1 survivors (2048K)
 Metaspace       used 4886K, committed 5056K, reserved 1056768K
  class space    used 412K, committed 448K, reserved 1048576K
}
Event: 249.663 GC heap after
{Heap after GC invocations=8 (full 0):
 garbage-first heap   total 266240K, used 4009K [0x0000000700000000, 0x0000000800000000)
  region size 2048K, 1 young (2048K), 1 survivors (2048K)
 Metaspace       used 4886K, committed 5056K, reserved 1056768K
  class space    used 412K, committed 448K, reserved 1048576K
}
Event: 288.690 GC heap before
{Heap before GC invocations=8 (full 0):
 garbage-first heap   total 266240K, used 157609K [0x0000000700000000, 0x0000000800000000)
  region size 2048K, 76 young (155648K), 1 survivors (2048K)
 Metaspace       used 4888K, committed 5056K, reserved 1056768K
  class space    used 412K, committed 448K, reserved 1048576K
}
Event: 288.706 GC heap after
{Heap after GC invocations=9 (full 0):
 garbage-first heap   total 266240K, used 4031K [0x0000000700000000, 0x0000000800000000)
  region size 2048K, 1 young (2048K), 1 survivors (2048K)
 Metaspace       used 4888K, committed 5056K, reserved 1056768K
  class space    used 412K, committed 448K, reserved 1048576K
}
Event: 327.745 GC heap before
{Heap before GC invocations=9 (full 0):
 garbage-first heap   total 266240K, used 157631K [0x0000000700000000, 0x0000000800000000)
  region size 2048K, 76 young (155648K), 1 survivors (2048K)
 Metaspace       used 4890K, committed 5056K, reserved 1056768K
  class space    used 412K, committed 448K, reserved 1048576K
}
Event: 327.766 GC heap after
{Heap after GC invocations=10 (full 0):
 garbage-first heap   total 266240K, used 4039K [0x0000000700000000, 0x0000000800000000)
  region size 2048K, 1 young (2048K), 1 survivors (2048K)
 Metaspace       used 4890K, committed 5056K, reserved 1056768K
  class space    used 412K, committed 448K, reserved 1048576K
}

