# JRE version: Java(TM) SE Runtime Environment (17.0.1+12) (build 17.0.1+12-LTS-39)
# Java VM: Java HotSpot(TM) 64-Bit Server VM (17.0.1+12-LTS-39, mixed mode, sharing, tiered, compressed oops, compressed class ptrs, g1 gc, bsd-amd64)
GC Precious Log:
 CPUs: 8 total, 8 available
 Memory: 16384M
 Large Page Support: Disabled
 NUMA Support: Disabled
 Compressed Oops: Enabled (Zero based)
 Heap Region Size: 2M
 Heap Min Capacity: 8M
 Heap Initial Capacity: 256M
 Heap Max Capacity: 4G
 Pre-touch: Disabled
 Parallel Workers: 8
 Concurrent Workers: 2
 Concurrent Refinement Workers: 8
 Periodic GC: Disabled
Heap:
 garbage-first heap   total 266240K, used 59438K [0x0000000700000000, 0x0000000800000000)
  region size 2048K, 30 young (61440K), 2 survivors (4096K)
 Metaspace       used 5102K, committed 5312K, reserved 1056768K
  class space    used 434K, committed 576K, reserved 1048576K
GC Heap History (6 events):
Event: 3.394 GC heap before
{Heap before GC invocations=0 (full 0):
 garbage-first heap   total 266240K, used 22484K [0x0000000700000000, 0x0000000800000000)
  region size 2048K, 11 young (22528K), 0 survivors (0K)
 Metaspace       used 4666K, committed 4800K, reserved 1056768K
  class space    used 414K, committed 448K, reserved 1048576K
}
Event: 3.414 GC heap after
{Heap after GC invocations=1 (full 0):
 garbage-first heap   total 266240K, used 4094K [0x0000000700000000, 0x0000000800000000)
  region size 2048K, 2 young (4096K), 2 survivors (4096K)
 Metaspace       used 4666K, committed 4800K, reserved 1056768K
  class space    used 414K, committed 448K, reserved 1048576K
}
Event: 17.538 GC heap before
{Heap before GC invocations=1 (full 0):
 garbage-first heap   total 266240K, used 65534K [0x0000000700000000, 0x0000000800000000)
  region size 2048K, 32 young (65536K), 2 survivors (4096K)
 Metaspace       used 5075K, committed 5248K, reserved 1056768K
  class space    used 433K, committed 512K, reserved 1048576K
}
Event: 17.549 GC heap after
{Heap after GC invocations=2 (full 0):
 garbage-first heap   total 266240K, used 4052K [0x0000000700000000, 0x0000000800000000)
  region size 2048K, 1 young (2048K), 1 survivors (2048K)
 Metaspace       used 5075K, committed 5248K, reserved 1056768K
  class space    used 433K, committed 512K, reserved 1048576K
}
Event: 52.365 GC heap before
{Heap before GC invocations=2 (full 0):
 garbage-first heap   total 266240K, used 157652K [0x0000000700000000, 0x0000000800000000)
  region size 2048K, 76 young (155648K), 1 survivors (2048K)
 Metaspace       used 5097K, committed 5248K, reserved 1056768K
  class space    used 433K, committed 512K, reserved 1048576K
}
Event: 52.386 GC heap after
{Heap after GC invocations=3 (full 0):
 garbage-first heap   total 266240K, used 4142K [0x0000000700000000, 0x0000000800000000)
  region size 2048K, 2 young (4096K), 2 survivors (4096K)
 Metaspace       used 5097K, committed 5248K, reserved 1056768K
  class space    used 433K, committed 512K, reserved 1048576K
}

